01:04:50.113 [main] INFO  factory.BaseClass - go to url and click on sing in button
01:04:52.054 [main] INFO  factory.BaseClass - user enter credential
01:04:52.533 [main] INFO  factory.BaseClass - user click on sign in button
01:04:55.000 [main] INFO  factory.BaseClass - vaerify welcome msg
19:17:23.245 [main] INFO  factory.BaseClass - go to url and click on sing in button
19:17:25.354 [main] INFO  factory.BaseClass - user enter credential
19:17:25.904 [main] INFO  factory.BaseClass - user click on sign in button
19:17:28.633 [main] INFO  factory.BaseClass - vaerify welcome msg
19:17:43.647 [main] INFO  factory.BaseClass - go to url and click on sing in button
19:17:45.612 [main] INFO  factory.BaseClass - user enter credential
19:17:46.165 [main] INFO  factory.BaseClass - user click on sign in button
19:17:48.536 [main] INFO  factory.BaseClass - vaerify welcome msg
19:28:58.338 [main] INFO  factory.BaseClass - go to url and click on sing in button
19:29:00.174 [main] INFO  factory.BaseClass - user enter credential
19:29:00.904 [main] INFO  factory.BaseClass - user click on sign in button
19:29:04.244 [main] INFO  factory.BaseClass - vaerify welcome msg
19:29:09.684 [main] INFO  factory.BaseClass - go to url and click on sing in button
19:29:11.329 [main] INFO  factory.BaseClass - user enter credential
19:29:11.903 [main] INFO  factory.BaseClass - user click on sign in button
19:29:14.325 [main] INFO  factory.BaseClass - vaerify welcome msg
19:29:20.248 [main] INFO  factory.BaseClass - go to url and click on sing in button
19:29:21.967 [main] INFO  factory.BaseClass - user enter credential
19:29:22.418 [main] INFO  factory.BaseClass - user click on sign in button
19:29:26.330 [main] INFO  factory.BaseClass - vaerify welcome msg
22:01:43.803 [main] INFO  factory.BaseClass - go to url and click on sing in button
22:01:48.683 [main] INFO  factory.BaseClass - user enter credential
22:01:49.133 [main] INFO  factory.BaseClass - user click on sign in button
22:01:51.990 [main] INFO  factory.BaseClass - vaerify welcome msg
22:01:57.982 [main] INFO  factory.BaseClass - go to url and click on sing in button
22:01:59.980 [main] INFO  factory.BaseClass - user enter credential
22:02:00.372 [main] INFO  factory.BaseClass - user click on sign in button
22:02:02.997 [main] INFO  factory.BaseClass - vaerify welcome msg
22:02:08.677 [main] INFO  factory.BaseClass - go to url and click on sing in button
22:02:11.588 [main] INFO  factory.BaseClass - user enter credential
22:02:11.972 [main] INFO  factory.BaseClass - user click on sign in button
22:02:13.905 [main] INFO  factory.BaseClass - vaerify welcome msg
22:12:41.509 [main] INFO  factory.BaseClass - go to url and click on sing in button
22:12:43.536 [main] INFO  factory.BaseClass - user enter credential
22:12:44.094 [main] INFO  factory.BaseClass - user click on sign in button
22:12:46.520 [main] INFO  factory.BaseClass - vaerify welcome msg
22:14:20.391 [main] INFO  factory.BaseClass - go to url and click on sing in button
22:14:22.640 [main] INFO  factory.BaseClass - user enter credential
22:14:23.077 [main] INFO  factory.BaseClass - user click on sign in button
22:14:26.050 [main] INFO  factory.BaseClass - vaerify welcome msg
22:15:17.373 [main] INFO  factory.BaseClass - go to url and click on sing in button
22:15:19.435 [main] INFO  factory.BaseClass - user enter credential
22:15:19.969 [main] INFO  factory.BaseClass - user click on sign in button
22:15:22.690 [main] INFO  factory.BaseClass - vaerify welcome msg
22:32:20.320 [main] INFO  factory.BaseClass - go to url and click on sing in button
22:32:27.228 [main] INFO  factory.BaseClass - go to url and click on sing in button
22:32:34.878 [main] INFO  factory.BaseClass - go to url and click on sing in button
22:32:41.857 [main] INFO  factory.BaseClass - go to url and click on sing in button
23:03:03.927 [main] INFO  factory.BaseClass - go to url and click on sing in button
23:03:05.677 [main] DEBUG org.apache.poi.openxml4j.opc.PackageRelationshipCollection - Parsing relationship: /xl/_rels/workbook.xml.rels
23:03:05.683 [main] DEBUG org.apache.poi.openxml4j.opc.PackageRelationshipCollection - Parsing relationship: /xl/worksheets/_rels/sheet1.xml.rels
23:03:05.685 [main] DEBUG org.apache.poi.openxml4j.opc.PackageRelationshipCollection - Parsing relationship: /_rels/.rels
23:03:26.142 [main] INFO  factory.BaseClass - go to url and click on sing in button
23:03:27.766 [main] DEBUG org.apache.poi.openxml4j.opc.PackageRelationshipCollection - Parsing relationship: /xl/_rels/workbook.xml.rels
23:03:27.766 [main] DEBUG org.apache.poi.openxml4j.opc.PackageRelationshipCollection - Parsing relationship: /xl/worksheets/_rels/sheet1.xml.rels
23:03:27.766 [main] DEBUG org.apache.poi.openxml4j.opc.PackageRelationshipCollection - Parsing relationship: /_rels/.rels
23:03:37.794 [main] INFO  factory.BaseClass - go to url and click on sing in button
23:03:39.591 [main] DEBUG org.apache.poi.openxml4j.opc.PackageRelationshipCollection - Parsing relationship: /xl/_rels/workbook.xml.rels
